---------------------------------------
- Backup was done
23 жовтня 2022 14:35:41 - Was created new file TestBackup2.txt
23 жовтня 2022 14:35:41 - Was created new file TestBackup4.txt
23 жовтня 2022 14:35:41 - Was created new file TestBackup.txt
---------------------------------------
- Backup was done
---------------------------------------
- Backup was done
---------------------------------------
- Backup was done
23 жовтня 2022 14:36:25 - Was created new file TestBackup3.txt
23 жовтня 2022 14:36:25 - Was deleted file TestBackup4.txt
---------------------------------------
- Backup was done
23 жовтня 2022 14:36:56 - Was deleted file TestBackup4.txt
23 жовтня 2022 14:36:56 - File TestBackup2.txt was changed
---------------------------------------
23 жовтня 2022 14:38:30 - Backup was done
23 жовтня 2022 14:38:30 - Was deleted file TestBackup4.txt
---------------------------------------
23 жовтня 2022 14:38:42 - Backup was done
23 жовтня 2022 14:38:42 - Was deleted file TestBackup4.txt
---------------------------------------
23 жовтня 2022 14:39:20 - Backup was done
23 жовтня 2022 14:39:20 - Was deleted file TestBackup4.txt
---------------------------------------
23 жовтня 2022 14:42:42 - Backup was done
---------------------------------------
23 жовтня 2022 14:43:27 - Backup was done
---------------------------------------
23 жовтня 2022 14:43:53 - Backup was done
---------------------------------------
23 жовтня 2022 14:44:08 - Backup was done
---------------------------------------
23 жовтня 2022 14:44:34 - Backup was done
---------------------------------------
23 жовтня 2022 14:44:52 - Backup was done
---------------------------------------
23 жовтня 2022 14:52:10 - Backup was done
---------------------------------------
23 жовтня 2022 14:53:51 - Backup was done
---------------------------------------
23 жовтня 2022 14:54:31 - Backup was done
---------------------------------------
23 жовтня 2022 14:54:38 - Backup was done
---------------------------------------
23 жовтня 2022 14:55:15 - Backup was done
23 жовтня 2022 14:55:15 - Was created new file TestBackup6.txt
---------------------------------------
23 жовтня 2022 14:56:21 - Backup was done
23 жовтня 2022 14:56:21 - Was created new file TestBackup7.txt
---------------------------------------
23 жовтня 2022 14:56:48 - Backup was done
23 жовтня 2022 14:56:48 - Was deleted file TestBackup3.txt
23 жовтня 2022 14:56:48 - Was deleted file TestBackup4.txt
23 жовтня 2022 14:56:48 - Was deleted file TestBackup6.txt
---------------------------------------
23 жовтня 2022 14:57:04 - Backup was done
23 жовтня 2022 14:57:04 - Was deleted file TestBackup3.txt
23 жовтня 2022 14:57:04 - Was deleted file TestBackup4.txt
23 жовтня 2022 14:57:04 - Was deleted file TestBackup6.txt
---------------------------------------
23 жовтня 2022 14:57:34 - Backup was done
23 жовтня 2022 14:57:34 - Was deleted file TestBackup3.txt
23 жовтня 2022 14:57:34 - Was deleted file TestBackup4.txt
23 жовтня 2022 14:57:34 - Was deleted file TestBackup6.txt
---------------------------------------
23 жовтня 2022 14:57:40 - Backup was done
23 жовтня 2022 14:57:40 - Was deleted file TestBackup3.txt
23 жовтня 2022 14:57:40 - Was deleted file TestBackup4.txt
23 жовтня 2022 14:57:40 - Was deleted file TestBackup6.txt
---------------------------------------
23 жовтня 2022 14:58:08 - Backup was done
23 жовтня 2022 14:58:08 - Was deleted file TestBackup3.txt
23 жовтня 2022 14:58:08 - Was deleted file TestBackup4.txt
23 жовтня 2022 14:58:08 - Was deleted file TestBackup6.txt
---------------------------------------
23 жовтня 2022 14:59:41 - Backup was done
23 жовтня 2022 14:59:41 - Was deleted file TestBackup3.txt
23 жовтня 2022 14:59:41 - Was deleted file TestBackup4.txt
23 жовтня 2022 14:59:41 - Was deleted file TestBackup6.txt
---------------------------------------
23 жовтня 2022 14:59:50 - Backup was done
23 жовтня 2022 14:59:50 - Was deleted file TestBackup3.txt
23 жовтня 2022 14:59:50 - Was deleted file TestBackup4.txt
23 жовтня 2022 14:59:50 - Was deleted file TestBackup6.txt
---------------------------------------
23 жовтня 2022 15:00:48 - Backup was done
23 жовтня 2022 15:00:48 - Was deleted file TestBackup3.txt
23 жовтня 2022 15:00:48 - Was deleted file TestBackup4.txt
23 жовтня 2022 15:00:48 - Was deleted file TestBackup6.txt
---------------------------------------
23 жовтня 2022 15:01:12 - Backup was done
23 жовтня 2022 15:01:12 - Was deleted file TestBackup3.txt
23 жовтня 2022 15:01:12 - Was deleted file TestBackup4.txt
23 жовтня 2022 15:01:12 - Was deleted file TestBackup6.txt
---------------------------------------
23 жовтня 2022 15:02:06 - Backup was done
23 жовтня 2022 15:02:06 - Was deleted file TestBackup3.txt
23 жовтня 2022 15:02:06 - Was deleted file TestBackup4.txt
23 жовтня 2022 15:02:06 - Was deleted file TestBackup6.txt
---------------------------------------
23 жовтня 2022 15:11:59 - Backup was done
---------------------------------------
23 жовтня 2022 15:12:50 - Backup was done
---------------------------------------
23 жовтня 2022 15:13:27 - Backup was done
23 жовтня 2022 15:13:27 - Was created new file TestBackup9.txt
---------------------------------------
23 жовтня 2022 15:13:36 - Backup was done
---------------------------------------
23 жовтня 2022 15:14:13 - Backup was done
23 жовтня 2022 15:14:13 - Was created new file TestBackup20.txt
---------------------------------------
23 жовтня 2022 15:16:07 - Backup was done
---------------------------------------
23 жовтня 2022 15:17:07 - Backup was done
---------------------------------------
23 жовтня 2022 15:17:34 - Backup was done
---------------------------------------
23 жовтня 2022 15:18:16 - Backup was done
---------------------------------------
23 жовтня 2022 15:19:02 - Backup was done
---------------------------------------
23 жовтня 2022 15:19:08 - Backup was done
---------------------------------------
23 жовтня 2022 15:20:03 - Backup was done
---------------------------------------
23 жовтня 2022 15:20:12 - Backup was done
---------------------------------------
23 жовтня 2022 15:20:36 - Backup was done
---------------------------------------
23 жовтня 2022 15:21:06 - Backup was done
---------------------------------------
23 жовтня 2022 15:21:39 - Backup was done
---------------------------------------
23 жовтня 2022 15:22:00 - Backup was done
---------------------------------------
23 жовтня 2022 15:22:31 - Backup was done
---------------------------------------
23 жовтня 2022 15:22:51 - Backup was done
---------------------------------------
23 жовтня 2022 15:23:39 - Backup was done
---------------------------------------
23 жовтня 2022 15:24:36 - Backup was done
---------------------------------------
23 жовтня 2022 15:25:05 - Backup was done
---------------------------------------
23 жовтня 2022 15:25:35 - Backup was done
---------------------------------------
23 жовтня 2022 15:25:49 - Backup was done
---------------------------------------
23 жовтня 2022 15:26:46 - Backup was done
23 жовтня 2022 15:26:46 - Was deleted file TestBackup3.txt
23 жовтня 2022 15:26:46 - Was deleted file TestBackup4.txt
23 жовтня 2022 15:26:46 - Was deleted file TestBackup6.txt
23 жовтня 2022 15:26:46 - Was deleted file TestBackup7.txt
23 жовтня 2022 15:26:46 - Was deleted file TestBackup9.txt
---------------------------------------
23 жовтня 2022 15:27:08 - Backup was done
23 жовтня 2022 15:27:08 - Was deleted file TestBackup3.txt
23 жовтня 2022 15:27:08 - Was deleted file TestBackup4.txt
23 жовтня 2022 15:27:08 - Was deleted file TestBackup6.txt
23 жовтня 2022 15:27:08 - Was deleted file TestBackup7.txt
23 жовтня 2022 15:27:08 - Was deleted file TestBackup9.txt
---------------------------------------
23 жовтня 2022 15:27:48 - Backup was done
23 жовтня 2022 15:27:48 - Was deleted file TestBackup3.txt
23 жовтня 2022 15:27:48 - Was deleted file TestBackup4.txt
23 жовтня 2022 15:27:48 - Was deleted file TestBackup6.txt
23 жовтня 2022 15:27:48 - Was deleted file TestBackup7.txt
23 жовтня 2022 15:27:48 - Was deleted file TestBackup9.txt
---------------------------------------
23 жовтня 2022 15:29:15 - Backup was done
23 жовтня 2022 15:29:15 - Was deleted file TestBackup3.txt
23 жовтня 2022 15:29:15 - Was deleted file TestBackup4.txt
23 жовтня 2022 15:29:15 - Was deleted file TestBackup6.txt
23 жовтня 2022 15:29:15 - Was deleted file TestBackup7.txt
23 жовтня 2022 15:29:15 - Was deleted file TestBackup9.txt
---------------------------------------
23 жовтня 2022 15:30:49 - Backup was done
23 жовтня 2022 15:30:49 - Was deleted file TestBackup3.txt
23 жовтня 2022 15:30:49 - Was deleted file TestBackup4.txt
23 жовтня 2022 15:30:49 - Was deleted file TestBackup6.txt
23 жовтня 2022 15:30:49 - Was deleted file TestBackup7.txt
23 жовтня 2022 15:30:49 - Was deleted file TestBackup9.txt
---------------------------------------
23 жовтня 2022 15:31:21 - Backup was done
23 жовтня 2022 15:31:21 - Was deleted file TestBackup3.txt
23 жовтня 2022 15:31:21 - Was deleted file TestBackup4.txt
23 жовтня 2022 15:31:21 - Was deleted file TestBackup6.txt
23 жовтня 2022 15:31:21 - Was deleted file TestBackup7.txt
23 жовтня 2022 15:31:21 - Was deleted file TestBackup9.txt
---------------------------------------
23 жовтня 2022 15:31:44 - Backup was done
23 жовтня 2022 15:31:44 - Was deleted file TestBackup3.txt
23 жовтня 2022 15:31:44 - Was deleted file TestBackup4.txt
23 жовтня 2022 15:31:44 - Was deleted file TestBackup6.txt
23 жовтня 2022 15:31:44 - Was deleted file TestBackup7.txt
23 жовтня 2022 15:31:44 - Was deleted file TestBackup9.txt
---------------------------------------
23 жовтня 2022 15:32:33 - Backup was done
23 жовтня 2022 15:32:33 - Was deleted file TestBackup3.txt
23 жовтня 2022 15:32:33 - Was deleted file TestBackup4.txt
23 жовтня 2022 15:32:33 - Was deleted file TestBackup6.txt
23 жовтня 2022 15:32:33 - Was deleted file TestBackup7.txt
23 жовтня 2022 15:32:33 - Was deleted file TestBackup9.txt
---------------------------------------
23 жовтня 2022 15:33:19 - Backup was done
23 жовтня 2022 15:33:19 - Was deleted file TestBackup3.txt
23 жовтня 2022 15:33:19 - Was deleted file TestBackup4.txt
23 жовтня 2022 15:33:19 - Was deleted file TestBackup6.txt
23 жовтня 2022 15:33:19 - Was deleted file TestBackup7.txt
23 жовтня 2022 15:33:19 - Was deleted file TestBackup9.txt
---------------------------------------
23 жовтня 2022 15:33:26 - Backup was done
---------------------------------------
23 жовтня 2022 15:33:55 - Backup was done
---------------------------------------
23 жовтня 2022 15:35:13 - Backup was done
---------------------------------------
23 жовтня 2022 15:35:27 - Backup was done
---------------------------------------
23 жовтня 2022 15:36:44 - Backup was done
---------------------------------------
23 жовтня 2022 15:37:44 - Backup was done
---------------------------------------
23 жовтня 2022 15:38:03 - Backup was done
23 жовтня 2022 15:38:03 - Was deleted file TestBackup3.txt
23 жовтня 2022 15:38:03 - Was deleted file TestBackup4.txt
23 жовтня 2022 15:38:03 - Was deleted file TestBackup6.txt
23 жовтня 2022 15:38:03 - Was deleted file TestBackup7.txt
23 жовтня 2022 15:38:03 - Was deleted file TestBackup9.txt
---------------------------------------
23 жовтня 2022 15:38:24 - Backup was done
23 жовтня 2022 15:38:24 - Was deleted file TestBackup3.txt
23 жовтня 2022 15:38:24 - Was deleted file TestBackup4.txt
23 жовтня 2022 15:38:24 - Was deleted file TestBackup6.txt
23 жовтня 2022 15:38:24 - Was deleted file TestBackup7.txt
23 жовтня 2022 15:38:24 - Was deleted file TestBackup9.txt
---------------------------------------
23 жовтня 2022 15:38:35 - Backup was done
---------------------------------------
23 жовтня 2022 15:38:56 - Backup was done
23 жовтня 2022 15:38:56 - Was deleted file TestBackup3.txt
23 жовтня 2022 15:38:56 - Was deleted file TestBackup4.txt
23 жовтня 2022 15:38:56 - Was deleted file TestBackup6.txt
23 жовтня 2022 15:38:56 - Was deleted file TestBackup7.txt
23 жовтня 2022 15:38:56 - Was deleted file TestBackup9.txt
---------------------------------------
23 жовтня 2022 15:40:18 - Backup was done
---------------------------------------
23 жовтня 2022 15:41:14 - Backup was done
23 жовтня 2022 15:41:14 - Was created new file TestBackup130.txt
23 жовтня 2022 15:41:14 - Was deleted file TestBackup20.txt
---------------------------------------
23 жовтня 2022 15:41:34 - Backup was done
---------------------------------------
23 жовтня 2022 15:42:02 - Backup was done
---------------------------------------
23 жовтня 2022 17:08:01 - Backup was done
23 жовтня 2022 17:08:01 - Was deleted file TestBackup20.txt
23 жовтня 2022 17:08:01 - Was deleted file TestBackup3.txt
23 жовтня 2022 17:08:01 - Was deleted file TestBackup4.txt
23 жовтня 2022 17:08:01 - Was deleted file TestBackup6.txt
23 жовтня 2022 17:08:01 - Was deleted file TestBackup7.txt
23 жовтня 2022 17:08:01 - Was deleted file TestBackup9.txt
---------------------------------------
23 жовтня 2022 17:09:01 - Backup was done
23 жовтня 2022 17:09:01 - Was deleted file TestBackup20.txt
23 жовтня 2022 17:09:01 - Was deleted file TestBackup3.txt
23 жовтня 2022 17:09:01 - Was deleted file TestBackup4.txt
23 жовтня 2022 17:09:01 - Was deleted file TestBackup6.txt
23 жовтня 2022 17:09:01 - Was deleted file TestBackup7.txt
23 жовтня 2022 17:09:01 - Was deleted file TestBackup9.txt
---------------------------------------
23 жовтня 2022 17:10:01 - Backup was done
23 жовтня 2022 17:10:01 - Was deleted file TestBackup20.txt
23 жовтня 2022 17:10:01 - Was deleted file TestBackup3.txt
23 жовтня 2022 17:10:01 - Was deleted file TestBackup4.txt
23 жовтня 2022 17:10:01 - Was deleted file TestBackup6.txt
23 жовтня 2022 17:10:01 - Was deleted file TestBackup7.txt
23 жовтня 2022 17:10:01 - Was deleted file TestBackup9.txt
---------------------------------------
23 жовтня 2022 17:11:02 - Backup was done
23 жовтня 2022 17:11:02 - Was deleted file TestBackup20.txt
23 жовтня 2022 17:11:02 - Was deleted file TestBackup3.txt
23 жовтня 2022 17:11:02 - Was deleted file TestBackup4.txt
23 жовтня 2022 17:11:02 - Was deleted file TestBackup6.txt
23 жовтня 2022 17:11:02 - Was deleted file TestBackup7.txt
23 жовтня 2022 17:11:02 - Was deleted file TestBackup9.txt
---------------------------------------
23 жовтня 2022 17:12:01 - Backup was done
---------------------------------------
23 жовтня 2022 17:13:01 - Backup was done
---------------------------------------
23 жовтня 2022 17:14:01 - Backup was done
23 жовтня 2022 17:14:01 - Was deleted file TestBackup130.txt
23 жовтня 2022 17:14:01 - Was created new file TestBackup136.txt
---------------------------------------
23 жовтня 2022 17:15:01 - Backup was done
---------------------------------------
23 жовтня 2022 17:16:01 - Backup was done
---------------------------------------
23 жовтня 2022 17:17:01 - Backup was done
---------------------------------------
23 жовтня 2022 17:18:01 - Backup was done
---------------------------------------
23 жовтня 2022 17:19:01 - Backup was done
---------------------------------------
26 січня 2023 15:51:01 - Backup was done
---------------------------------------
26 січня 2023 15:52:01 - Backup was done
---------------------------------------
26 січня 2023 15:53:02 - Backup was done
